{"name": "test_auth[oksankino@rambler.ru-566155]", "status": "failed", "statusDetails": {"message": "AssertionError: assert not True\n +  where True = <bound method WebElement.is_visible of <pages.elements.WebElement object at 0x000002337EBF3DC8>>()\n +    where <bound method WebElement.is_visible of <pages.elements.WebElement object at 0x000002337EBF3DC8>> = <pages.elements.WebElement object at 0x000002337EBF3DC8>.is_visible\n +      where <pages.elements.WebElement object at 0x000002337EBF3DC8> = <pages.pages_auth.RTmis object at 0x000002337F71D348>.error", "trace": "web_browser = <selenium.webdriver.chrome.webdriver.WebDriver (session=\"88e3654471d89061dc2b1648767732ac\")>, login = 'oksankino@rambler.ru', password = '566155'\n\n    @allure.feature('Авторизация на https://rtmis.ru/')\n    @allure.story('Тест с авторизации с рандомизируемыми данными')\n    def test_auth(web_browser, login:str, password:str):\n        web = RTmis(web_browser)\n    \n        with allure.step(f\"Открываем {web.url}\"):\n          web.get(url=web.url)\n        with allure.step(\"Заполняем форму (логин:пароль)\"):\n          assert web.login.send_keys(login)\n          assert web.password.send_keys(password)\n        with allure.step(\"Нажимаем на кнопку войти\"):\n          web.auth.human_click()\n        with allure.step(\"Определям на странице сообщение об ошибке авторизации\"):\n>           assert not web.error.is_visible()\nE           assert not True\nE            +  where True = <bound method WebElement.is_visible of <pages.elements.WebElement object at 0x000002337EBF3DC8>>()\nE            +    where <bound method WebElement.is_visible of <pages.elements.WebElement object at 0x000002337EBF3DC8>> = <pages.elements.WebElement object at 0x000002337EBF3DC8>.is_visible\nE            +      where <pages.elements.WebElement object at 0x000002337EBF3DC8> = <pages.pages_auth.RTmis object at 0x000002337F71D348>.error\n\ntests\\test_auth.py:18: AssertionError"}, "steps": [{"name": "Открываем https://demo.rtmis.ru/", "status": "passed", "start": 1643733422724, "stop": 1643733426282}, {"name": "Заполняем форму (логин:пароль)", "status": "passed", "start": 1643733426282, "stop": 1643733426403}, {"name": "Нажимаем на кнопку войти", "status": "passed", "start": 1643733426403, "stop": 1643733436724}, {"name": "Определям на странице сообщение об ошибке авторизации", "status": "failed", "statusDetails": {"message": "AssertionError: assert not True\n +  where True = <bound method WebElement.is_visible of <pages.elements.WebElement object at 0x000002337EBF3DC8>>()\n +    where <bound method WebElement.is_visible of <pages.elements.WebElement object at 0x000002337EBF3DC8>> = <pages.elements.WebElement object at 0x000002337EBF3DC8>.is_visible\n +      where <pages.elements.WebElement object at 0x000002337EBF3DC8> = <pages.pages_auth.RTmis object at 0x000002337F71D348>.error\n", "trace": "  File \"C:\\Users\\ole lukoie\\Desktop\\ui\\tests\\test_auth.py\", line 18, in test_auth\n    assert not web.error.is_visible()\n"}, "start": 1643733436724, "stop": 1643733436762}], "parameters": [{"name": "login", "value": "'oksankino@rambler.ru'"}, {"name": "password", "value": "'566155'"}], "start": 1643733422724, "stop": 1643733436762, "uuid": "d4461cca-3dc0-4649-89fd-09792d40e068", "historyId": "7339af2cee4a767491e8a25c9532f032", "testCaseId": "5306df55395c93b83e69abe887b683bd", "fullName": "tests.test_auth#test_auth", "labels": [{"name": "feature", "value": "Авторизация на https://rtmis.ru/"}, {"name": "story", "value": "Тест с авторизации с рандомизируемыми данными"}, {"name": "parentSuite", "value": "tests"}, {"name": "suite", "value": "test_auth"}, {"name": "host", "value": "DESKTOP-2HIEP5G"}, {"name": "thread", "value": "1520-MainThread"}, {"name": "framework", "value": "pytest"}, {"name": "language", "value": "cpython3"}, {"name": "package", "value": "tests.test_auth"}]}