{"name": "test_auth[search-85@mail.ru-mnbvcxz0]", "status": "failed", "statusDetails": {"message": "AssertionError: assert not True\n +  where True = <bound method WebElement.is_visible of <pages.elements.WebElement object at 0x000002337EBF3DC8>>()\n +    where <bound method WebElement.is_visible of <pages.elements.WebElement object at 0x000002337EBF3DC8>> = <pages.elements.WebElement object at 0x000002337EBF3DC8>.is_visible\n +      where <pages.elements.WebElement object at 0x000002337EBF3DC8> = <pages.pages_auth.RTmis object at 0x000002337F741288>.error", "trace": "web_browser = <selenium.webdriver.chrome.webdriver.WebDriver (session=\"731a9e557949cb1ca02cb862b8660402\")>, login = 'search-85@mail.ru', password = 'mnbvcxz0'\n\n    @allure.feature('Авторизация на https://rtmis.ru/')\n    @allure.story('Тест с авторизации с рандомизируемыми данными')\n    def test_auth(web_browser, login:str, password:str):\n        web = RTmis(web_browser)\n    \n        with allure.step(f\"Открываем {web.url}\"):\n          web.get(url=web.url)\n        with allure.step(\"Заполняем форму (логин:пароль)\"):\n          assert web.login.send_keys(login)\n          assert web.password.send_keys(password)\n        with allure.step(\"Нажимаем на кнопку войти\"):\n          web.auth.human_click()\n        with allure.step(\"Определям на странице сообщение об ошибке авторизации\"):\n>           assert not web.error.is_visible()\nE           assert not True\nE            +  where True = <bound method WebElement.is_visible of <pages.elements.WebElement object at 0x000002337EBF3DC8>>()\nE            +    where <bound method WebElement.is_visible of <pages.elements.WebElement object at 0x000002337EBF3DC8>> = <pages.elements.WebElement object at 0x000002337EBF3DC8>.is_visible\nE            +      where <pages.elements.WebElement object at 0x000002337EBF3DC8> = <pages.pages_auth.RTmis object at 0x000002337F741288>.error\n\ntests\\test_auth.py:18: AssertionError"}, "steps": [{"name": "Открываем https://demo.rtmis.ru/", "status": "passed", "start": 1643733476385, "stop": 1643733479944}, {"name": "Заполняем форму (логин:пароль)", "status": "passed", "start": 1643733479944, "stop": 1643733480066}, {"name": "Нажимаем на кнопку войти", "status": "passed", "start": 1643733480066, "stop": 1643733490441}, {"name": "Определям на странице сообщение об ошибке авторизации", "status": "failed", "statusDetails": {"message": "AssertionError: assert not True\n +  where True = <bound method WebElement.is_visible of <pages.elements.WebElement object at 0x000002337EBF3DC8>>()\n +    where <bound method WebElement.is_visible of <pages.elements.WebElement object at 0x000002337EBF3DC8>> = <pages.elements.WebElement object at 0x000002337EBF3DC8>.is_visible\n +      where <pages.elements.WebElement object at 0x000002337EBF3DC8> = <pages.pages_auth.RTmis object at 0x000002337F741288>.error\n", "trace": "  File \"C:\\Users\\ole lukoie\\Desktop\\ui\\tests\\test_auth.py\", line 18, in test_auth\n    assert not web.error.is_visible()\n"}, "start": 1643733490441, "stop": 1643733490481}], "parameters": [{"name": "login", "value": "'search-85@mail.ru'"}, {"name": "password", "value": "'mnbvcxz0'"}], "start": 1643733476384, "stop": 1643733490481, "uuid": "9177f13b-d20e-4cde-8263-d3a6f893edeb", "historyId": "553452e703ce2e422c6747482e694b33", "testCaseId": "5306df55395c93b83e69abe887b683bd", "fullName": "tests.test_auth#test_auth", "labels": [{"name": "feature", "value": "Авторизация на https://rtmis.ru/"}, {"name": "story", "value": "Тест с авторизации с рандомизируемыми данными"}, {"name": "parentSuite", "value": "tests"}, {"name": "suite", "value": "test_auth"}, {"name": "host", "value": "DESKTOP-2HIEP5G"}, {"name": "thread", "value": "1520-MainThread"}, {"name": "framework", "value": "pytest"}, {"name": "language", "value": "cpython3"}, {"name": "package", "value": "tests.test_auth"}]}